<?xml version="1.0"?>
<component name="org.nuxeo.rest.management.webengine.servlet.container.test">

  <require>org.nuxeo.ecm.webengine.test.WebEngineComponentSetup</require>

  <extension target="org.nuxeo.runtime.server" point="servlet">
    <servlet context="/">
      <servlet-name>Nuxeo Management JAXRS Servlet</servlet-name>
      <servlet-class>org.nuxeo.ecm.webengine.app.jersey.WebEngineServlet</servlet-class>
      <url-pattern>/site/management/*</url-pattern>
      <init-param>
        <param-name>application.name</param-name>
        <param-value>management</param-value>
      </init-param>
    </servlet>

  </extension>

  <extension target="org.nuxeo.runtime.server" point="filter">
    <filter context="/">
      <filter-name>ManagementFilter</filter-name>
      <filter-class>org.nuxeo.rest.management.ManagementFilter</filter-class>
      <display-name>Management REST API Filter</display-name>
      <filter-mapping>
        <url-pattern>/*</url-pattern>
        <dispatcher>REQUEST</dispatcher>
        <dispatcher>FORWARD</dispatcher>
      </filter-mapping>
    </filter>
  </extension>

</component>
